<?xml version="1.0" encoding="UTF-8"?>
<testng-results ignored="0" total="1" passed="0" failed="1" skipped="0">
  <reporter-output>
  </reporter-output>
  <suite started-at="2023-01-24T19:58:05 IST" name="Default suite" finished-at="2023-01-24T19:58:36 IST" duration-ms="30640">
    <groups>
      <group name="cucumber">
        <method signature="AbstractTestNGCucumberTests.runScenario(io.cucumber.testng.PickleWrapper,io.cucumber.testng.FeatureWrapper)[pri:0, instance:parallel.AmazonRunnerTest@712625fd]" name="runScenario" class="io.cucumber.testng.AbstractTestNGCucumberTests"/>
      </group> <!-- cucumber -->
    </groups>
    <test started-at="2023-01-24T19:58:05 IST" name="Default test" finished-at="2023-01-24T19:58:36 IST" duration-ms="30640">
      <class name="parallel.AmazonRunnerTest">
        <test-method is-config="true" signature="setUpClass()[pri:0, instance:parallel.AmazonRunnerTest@712625fd]" started-at="2023-01-24T19:58:06 IST" name="setUpClass" finished-at="2023-01-24T19:58:08 IST" duration-ms="2153" status="PASS">
          <reporter-output>
          </reporter-output>
        </test-method> <!-- setUpClass -->
        <test-method signature="runScenario(io.cucumber.testng.PickleWrapper,io.cucumber.testng.FeatureWrapper)[pri:0, instance:parallel.AmazonRunnerTest@712625fd]" started-at="2023-01-24T19:58:08 IST" name="runScenario" description="Runs Cucumber Scenarios" data-provider="scenarios" finished-at="2023-01-24T19:58:25 IST" duration-ms="17336" status="FAIL">
          <params>
            <param index="0">
              <value>
                <![CDATA["Login page title"]]>
              </value>
            </param>
            <param index="1">
              <value>
                <![CDATA["Optional[Login page feature]"]]>
              </value>
            </param>
          </params>
          <exception class="java.lang.AssertionError">
            <message>
              <![CDATA[expected [true] but found [false]]]>
            </message>
            <full-stacktrace>
              <![CDATA[java.lang.AssertionError: expected [true] but found [false]
at org.testng.Assert.fail(Assert.java:110)
at org.testng.Assert.failNotEquals(Assert.java:1413)
at org.testng.Assert.assertTrue(Assert.java:56)
at org.testng.Assert.assertTrue(Assert.java:66)
at parallel.LoginSteps.page_should_contain(LoginSteps.java:40)
at âœ½.page should contain "Shopping"(file:///C:/Users/DELL/Desktop/Next%20Gen/VimannagarMavenCucumberTestNGSeleniumFramework/src/test/resources/parallel/LoginPage.feature:7)
]]>
            </full-stacktrace>
          </exception> <!-- java.lang.AssertionError -->
          <reporter-output>
          </reporter-output>
        </test-method> <!-- runScenario -->
        <test-method is-config="true" signature="tearDownClass()[pri:0, instance:parallel.AmazonRunnerTest@712625fd]" started-at="2023-01-24T19:58:25 IST" name="tearDownClass" finished-at="2023-01-24T19:58:36 IST" duration-ms="10980" status="PASS">
          <reporter-output>
          </reporter-output>
        </test-method> <!-- tearDownClass -->
      </class> <!-- parallel.AmazonRunnerTest -->
    </test> <!-- Default test -->
  </suite> <!-- Default suite -->
</testng-results>
