<?xml version="1.0" encoding="UTF-8"?>
<!-- Generated by org.testng.reporters.JUnitReportReporter -->
<testsuite hostname="DESKTOP-5EVK54D" failures="1" tests="1" name="parallel.AmazonRunnerTest" time="17.336" errors="0" timestamp="2023-01-24T19:58:37 IST" skipped="0">
  <testcase classname="parallel.AmazonRunnerTest" name="runScenario" time="17.336">
    <failure message="expected [true] but found [false]" type="java.lang.AssertionError">
      <![CDATA[java.lang.AssertionError: expected [true] but found [false]
at org.testng.Assert.fail(Assert.java:110)
at org.testng.Assert.failNotEquals(Assert.java:1413)
at org.testng.Assert.assertTrue(Assert.java:56)
at org.testng.Assert.assertTrue(Assert.java:66)
at parallel.LoginSteps.page_should_contain(LoginSteps.java:40)
at âœ½.page should contain "Shopping"(file:///C:/Users/DELL/Desktop/Next%20Gen/VimannagarMavenCucumberTestNGSeleniumFramework/src/test/resources/parallel/LoginPage.feature:7)
]]>
    </failure>
  </testcase> <!-- runScenario -->
  <system-out/>
</testsuite> <!-- parallel.AmazonRunnerTest -->
